# JRE version: OpenJDK Runtime Environment Temurin-21.0.8+9 (21.0.8+9) (build 21.0.8+9-LTS)
# Java VM: OpenJDK 64-Bit Server VM Temurin-21.0.8+9 (21.0.8+9-LTS, mixed mode, sharing, tiered, compressed oops, compressed class ptrs, g1 gc, windows-amd64)
GC Precious Log:
 CardTable entry size: 512
 Card Set container configuration: InlinePtr #cards 5 size 8 Array Of Cards #cards 12 size 40 Howl #buckets 4 coarsen threshold 1843 Howl Bitmap #cards 512 size 80 coarsen threshold 460 Card regions per heap region 1 cards per card region 2048
 CPUs: 8 total, 8 available
 Memory: 7934M
 Large Page Support: Disabled
 NUMA Support: Disabled
 Compressed Oops: Enabled (32-bit)
 Heap Region Size: 1M
 Heap Min Capacity: 8M
 Heap Initial Capacity: 124M
 Heap Max Capacity: 1984M
 Pre-touch: Disabled
 Parallel Workers: 8
 Concurrent Workers: 2
 Concurrent Refinement Workers: 8
 Periodic GC: Disabled
Heap:
 garbage-first heap   total 48128K, used 23427K [0x0000000084000000, 0x0000000100000000)
  region size 1024K, 8 young (8192K), 3 survivors (3072K)
 Metaspace       used 37161K, committed 37504K, reserved 1114112K
  class space    used 4895K, committed 5056K, reserved 1048576K
GC Heap History (14 events):
Event: 0.678 GC heap before
{Heap before GC invocations=0 (full 0):
 garbage-first heap   total 126976K, used 23552K [0x0000000084000000, 0x0000000100000000)
  region size 1024K, 23 young (23552K), 0 survivors (0K)
 Metaspace       used 5883K, committed 6080K, reserved 1114112K
  class space    used 665K, committed 768K, reserved 1048576K
}
Event: 0.682 GC heap after
{Heap after GC invocations=1 (full 0):
 garbage-first heap   total 126976K, used 7682K [0x0000000084000000, 0x0000000100000000)
  region size 1024K, 3 young (3072K), 3 survivors (3072K)
 Metaspace       used 5883K, committed 6080K, reserved 1114112K
  class space    used 665K, committed 768K, reserved 1048576K
}
Event: 1.162 GC heap before
{Heap before GC invocations=1 (full 0):
 garbage-first heap   total 126976K, used 36354K [0x0000000084000000, 0x0000000100000000)
  region size 1024K, 32 young (32768K), 3 survivors (3072K)
 Metaspace       used 13593K, committed 13888K, reserved 1114112K
  class space    used 1677K, committed 1792K, reserved 1048576K
}
Event: 1.167 GC heap after
{Heap after GC invocations=2 (full 0):
 garbage-first heap   total 126976K, used 9774K [0x0000000084000000, 0x0000000100000000)
  region size 1024K, 2 young (2048K), 2 survivors (2048K)
 Metaspace       used 13593K, committed 13888K, reserved 1114112K
  class space    used 1677K, committed 1792K, reserved 1048576K
}
Event: 3.506 GC heap before
{Heap before GC invocations=2 (full 0):
 garbage-first heap   total 126976K, used 60974K [0x0000000084000000, 0x0000000100000000)
  region size 1024K, 54 young (55296K), 2 survivors (2048K)
 Metaspace       used 21194K, committed 21504K, reserved 1114112K
  class space    used 2645K, committed 2816K, reserved 1048576K
}
Event: 3.513 GC heap after
{Heap after GC invocations=3 (full 0):
 garbage-first heap   total 126976K, used 13712K [0x0000000084000000, 0x0000000100000000)
  region size 1024K, 6 young (6144K), 6 survivors (6144K)
 Metaspace       used 21194K, committed 21504K, reserved 1114112K
  class space    used 2645K, committed 2816K, reserved 1048576K
}
Event: 4.281 GC heap before
{Heap before GC invocations=4 (full 0):
 garbage-first heap   total 48128K, used 36240K [0x0000000084000000, 0x0000000100000000)
  region size 1024K, 28 young (28672K), 6 survivors (6144K)
 Metaspace       used 24878K, committed 25216K, reserved 1114112K
  class space    used 3220K, committed 3328K, reserved 1048576K
}
Event: 4.288 GC heap after
{Heap after GC invocations=5 (full 0):
 garbage-first heap   total 48128K, used 15932K [0x0000000084000000, 0x0000000100000000)
  region size 1024K, 3 young (3072K), 3 survivors (3072K)
 Metaspace       used 24878K, committed 25216K, reserved 1114112K
  class space    used 3220K, committed 3328K, reserved 1048576K
}
Event: 5.111 GC heap before
{Heap before GC invocations=5 (full 0):
 garbage-first heap   total 48128K, used 36412K [0x0000000084000000, 0x0000000100000000)
  region size 1024K, 23 young (23552K), 3 survivors (3072K)
 Metaspace       used 28340K, committed 28672K, reserved 1114112K
  class space    used 3606K, committed 3776K, reserved 1048576K
}
Event: 5.116 GC heap after
{Heap after GC invocations=6 (full 0):
 garbage-first heap   total 48128K, used 18005K [0x0000000084000000, 0x0000000100000000)
  region size 1024K, 3 young (3072K), 3 survivors (3072K)
 Metaspace       used 28340K, committed 28672K, reserved 1114112K
  class space    used 3606K, committed 3776K, reserved 1048576K
}
Event: 6.847 GC heap before
{Heap before GC invocations=6 (full 0):
 garbage-first heap   total 48128K, used 37461K [0x0000000084000000, 0x0000000100000000)
  region size 1024K, 22 young (22528K), 3 survivors (3072K)
 Metaspace       used 32015K, committed 32384K, reserved 1114112K
  class space    used 4114K, committed 4288K, reserved 1048576K
}
Event: 6.850 GC heap after
{Heap after GC invocations=7 (full 0):
 garbage-first heap   total 48128K, used 19669K [0x0000000084000000, 0x0000000100000000)
  region size 1024K, 2 young (2048K), 2 survivors (2048K)
 Metaspace       used 32015K, committed 32384K, reserved 1114112K
  class space    used 4114K, committed 4288K, reserved 1048576K
}
Event: 7.164 GC heap before
{Heap before GC invocations=7 (full 0):
 garbage-first heap   total 48128K, used 30933K [0x0000000084000000, 0x0000000100000000)
  region size 1024K, 14 young (14336K), 2 survivors (2048K)
 Metaspace       used 35638K, committed 35968K, reserved 1114112K
  class space    used 4721K, committed 4864K, reserved 1048576K
}
Event: 7.167 GC heap after
{Heap after GC invocations=8 (full 0):
 garbage-first heap   total 48128K, used 20355K [0x0000000084000000, 0x0000000100000000)
  region size 1024K, 3 young (3072K), 3 survivors (3072K)
 Metaspace       used 35638K, committed 35968K, reserved 1114112K
  class space    used 4721K, committed 4864K, reserved 1048576K
}

