# JRE version: OpenJDK Runtime Environment Temurin-21.0.8+9 (21.0.8+9) (build 21.0.8+9-LTS)
# Java VM: OpenJDK 64-Bit Server VM Temurin-21.0.8+9 (21.0.8+9-LTS, mixed mode, sharing, tiered, compressed oops, compressed class ptrs, parallel gc, windows-amd64)
GC Precious Log:
 CardTable entry size: 512
 CPUs: 8 total, 8 available
 Memory: 7934M
 Large Page Support: Disabled
 NUMA Support: Disabled
 Compressed Oops: Enabled (32-bit)
 Alignments: Space 512K, Generation 512K, Heap 2M
 Heap Min Capacity: 100M
 Heap Initial Capacity: 100M
 Heap Max Capacity: 2G
 Pre-touch: Disabled
 Parallel Workers: 8
Heap:
 PSYoungGen      total 6144K, used 3884K [0x00000000d5580000, 0x00000000d5e00000, 0x0000000100000000)
  eden space 5120K, 58% used [0x00000000d5580000,0x00000000d5873240,0x00000000d5a80000)
  from space 1024K, 84% used [0x00000000d5d00000,0x00000000d5dd8000,0x00000000d5e00000)
  to   space 1024K, 0% used [0x00000000d5c00000,0x00000000d5c00000,0x00000000d5d00000)
 ParOldGen       total 401408K, used 401385K [0x0000000080000000, 0x0000000098800000, 0x00000000d5580000)
  object space 401408K, 99% used [0x0000000080000000,0x00000000987fa658,0x0000000098800000)
 Metaspace       used 72741K, committed 74368K, reserved 1179648K
  class space    used 7644K, committed 8384K, reserved 1048576K
GC Heap History (20 events):
Event: 88.240 GC heap before
{Heap before GC invocations=450 (full 3):
 PSYoungGen      total 5632K, used 5632K [0x00000000d5580000, 0x00000000d5c80000, 0x0000000100000000)
  eden space 5120K, 100% used [0x00000000d5580000,0x00000000d5a80000,0x00000000d5a80000)
  from space 512K, 100% used [0x00000000d5b80000,0x00000000d5c00000,0x00000000d5c00000)
  to   space 1024K, 0% used [0x00000000d5a80000,0x00000000d5a80000,0x00000000d5b80000)
 ParOldGen       total 396800K, used 396641K [0x0000000080000000, 0x0000000098380000, 0x00000000d5580000)
  object space 396800K, 99% used [0x0000000080000000,0x0000000098358730,0x0000000098380000)
 Metaspace       used 71946K, committed 73600K, reserved 1179648K
  class space    used 7569K, committed 8320K, reserved 1048576K
}
Event: 88.244 GC heap after
{Heap after GC invocations=450 (full 3):
 PSYoungGen      total 6144K, used 384K [0x00000000d5580000, 0x00000000d5c80000, 0x0000000100000000)
  eden space 5120K, 0% used [0x00000000d5580000,0x00000000d5580000,0x00000000d5a80000)
  from space 1024K, 37% used [0x00000000d5a80000,0x00000000d5ae0000,0x00000000d5b80000)
  to   space 1024K, 0% used [0x00000000d5b80000,0x00000000d5b80000,0x00000000d5c80000)
 ParOldGen       total 397312K, used 396913K [0x0000000080000000, 0x0000000098400000, 0x00000000d5580000)
  object space 397312K, 99% used [0x0000000080000000,0x000000009839c730,0x0000000098400000)
 Metaspace       used 71946K, committed 73600K, reserved 1179648K
  class space    used 7569K, committed 8320K, reserved 1048576K
}
Event: 88.398 GC heap before
{Heap before GC invocations=451 (full 3):
 PSYoungGen      total 6144K, used 5504K [0x00000000d5580000, 0x00000000d5c80000, 0x0000000100000000)
  eden space 5120K, 100% used [0x00000000d5580000,0x00000000d5a80000,0x00000000d5a80000)
  from space 1024K, 37% used [0x00000000d5a80000,0x00000000d5ae0000,0x00000000d5b80000)
  to   space 1024K, 0% used [0x00000000d5b80000,0x00000000d5b80000,0x00000000d5c80000)
 ParOldGen       total 397312K, used 396913K [0x0000000080000000, 0x0000000098400000, 0x00000000d5580000)
  object space 397312K, 99% used [0x0000000080000000,0x000000009839c730,0x0000000098400000)
 Metaspace       used 72051K, committed 73728K, reserved 1179648K
  class space    used 7582K, committed 8320K, reserved 1048576K
}
Event: 88.400 GC heap after
{Heap after GC invocations=451 (full 3):
 PSYoungGen      total 6144K, used 516K [0x00000000d5580000, 0x00000000d5c80000, 0x0000000100000000)
  eden space 5120K, 0% used [0x00000000d5580000,0x00000000d5580000,0x00000000d5a80000)
  from space 1024K, 50% used [0x00000000d5b80000,0x00000000d5c01088,0x00000000d5c80000)
  to   space 1024K, 0% used [0x00000000d5a80000,0x00000000d5a80000,0x00000000d5b80000)
 ParOldGen       total 397312K, used 397129K [0x0000000080000000, 0x0000000098400000, 0x00000000d5580000)
  object space 397312K, 99% used [0x0000000080000000,0x00000000983d2740,0x0000000098400000)
 Metaspace       used 72051K, committed 73728K, reserved 1179648K
  class space    used 7582K, committed 8320K, reserved 1048576K
}
Event: 88.638 GC heap before
{Heap before GC invocations=452 (full 3):
 PSYoungGen      total 6144K, used 5547K [0x00000000d5580000, 0x00000000d5c80000, 0x0000000100000000)
  eden space 5120K, 98% used [0x00000000d5580000,0x00000000d5a69b88,0x00000000d5a80000)
  from space 1024K, 50% used [0x00000000d5b80000,0x00000000d5c01088,0x00000000d5c80000)
  to   space 1024K, 0% used [0x00000000d5a80000,0x00000000d5a80000,0x00000000d5b80000)
 ParOldGen       total 397312K, used 397129K [0x0000000080000000, 0x0000000098400000, 0x00000000d5580000)
  object space 397312K, 99% used [0x0000000080000000,0x00000000983d2740,0x0000000098400000)
 Metaspace       used 72266K, committed 73920K, reserved 1179648K
  class space    used 7616K, committed 8320K, reserved 1048576K
}
Event: 88.641 GC heap after
{Heap after GC invocations=452 (full 3):
 PSYoungGen      total 6144K, used 400K [0x00000000d5580000, 0x00000000d5c00000, 0x0000000100000000)
  eden space 5120K, 0% used [0x00000000d5580000,0x00000000d5580000,0x00000000d5a80000)
  from space 1024K, 39% used [0x00000000d5a80000,0x00000000d5ae4010,0x00000000d5b80000)
  to   space 512K, 0% used [0x00000000d5b80000,0x00000000d5b80000,0x00000000d5c00000)
 ParOldGen       total 397824K, used 397541K [0x0000000080000000, 0x0000000098480000, 0x00000000d5580000)
  object space 397824K, 99% used [0x0000000080000000,0x0000000098439548,0x0000000098480000)
 Metaspace       used 72266K, committed 73920K, reserved 1179648K
  class space    used 7616K, committed 8320K, reserved 1048576K
}
Event: 88.733 GC heap before
{Heap before GC invocations=453 (full 3):
 PSYoungGen      total 6144K, used 5515K [0x00000000d5580000, 0x00000000d5c00000, 0x0000000100000000)
  eden space 5120K, 99% used [0x00000000d5580000,0x00000000d5a7ece0,0x00000000d5a80000)
  from space 1024K, 39% used [0x00000000d5a80000,0x00000000d5ae4010,0x00000000d5b80000)
  to   space 512K, 0% used [0x00000000d5b80000,0x00000000d5b80000,0x00000000d5c00000)
 ParOldGen       total 397824K, used 397541K [0x0000000080000000, 0x0000000098480000, 0x00000000d5580000)
  object space 397824K, 99% used [0x0000000080000000,0x0000000098439548,0x0000000098480000)
 Metaspace       used 72266K, committed 73920K, reserved 1179648K
  class space    used 7616K, committed 8320K, reserved 1048576K
}
Event: 88.735 GC heap after
{Heap after GC invocations=453 (full 3):
 PSYoungGen      total 5632K, used 420K [0x00000000d5580000, 0x00000000d5c00000, 0x0000000100000000)
  eden space 5120K, 0% used [0x00000000d5580000,0x00000000d5580000,0x00000000d5a80000)
  from space 512K, 82% used [0x00000000d5b80000,0x00000000d5be91e0,0x00000000d5c00000)
  to   space 512K, 0% used [0x00000000d5b00000,0x00000000d5b00000,0x00000000d5b80000)
 ParOldGen       total 397824K, used 397805K [0x0000000080000000, 0x0000000098480000, 0x00000000d5580000)
  object space 397824K, 99% used [0x0000000080000000,0x000000009847b558,0x0000000098480000)
 Metaspace       used 72266K, committed 73920K, reserved 1179648K
  class space    used 7616K, committed 8320K, reserved 1048576K
}
Event: 89.072 GC heap before
{Heap before GC invocations=454 (full 3):
 PSYoungGen      total 5632K, used 5486K [0x00000000d5580000, 0x00000000d5c00000, 0x0000000100000000)
  eden space 5120K, 98% used [0x00000000d5580000,0x00000000d5a72798,0x00000000d5a80000)
  from space 512K, 82% used [0x00000000d5b80000,0x00000000d5be91e0,0x00000000d5c00000)
  to   space 512K, 0% used [0x00000000d5b00000,0x00000000d5b00000,0x00000000d5b80000)
 ParOldGen       total 397824K, used 397805K [0x0000000080000000, 0x0000000098480000, 0x00000000d5580000)
  object space 397824K, 99% used [0x0000000080000000,0x000000009847b558,0x0000000098480000)
 Metaspace       used 72359K, committed 74048K, reserved 1179648K
  class space    used 7622K, committed 8384K, reserved 1048576K
}
Event: 89.075 GC heap after
{Heap after GC invocations=454 (full 3):
 PSYoungGen      total 5632K, used 224K [0x00000000d5580000, 0x00000000d5c00000, 0x0000000100000000)
  eden space 5120K, 0% used [0x00000000d5580000,0x00000000d5580000,0x00000000d5a80000)
  from space 512K, 43% used [0x00000000d5b00000,0x00000000d5b38000,0x00000000d5b80000)
  to   space 512K, 0% used [0x00000000d5b80000,0x00000000d5b80000,0x00000000d5c00000)
 ParOldGen       total 398336K, used 397885K [0x0000000080000000, 0x0000000098500000, 0x00000000d5580000)
  object space 398336K, 99% used [0x0000000080000000,0x000000009848f558,0x0000000098500000)
 Metaspace       used 72359K, committed 74048K, reserved 1179648K
  class space    used 7622K, committed 8384K, reserved 1048576K
}
Event: 90.556 GC heap before
{Heap before GC invocations=455 (full 3):
 PSYoungGen      total 5632K, used 5344K [0x00000000d5580000, 0x00000000d5c00000, 0x0000000100000000)
  eden space 5120K, 100% used [0x00000000d5580000,0x00000000d5a80000,0x00000000d5a80000)
  from space 512K, 43% used [0x00000000d5b00000,0x00000000d5b38000,0x00000000d5b80000)
  to   space 512K, 0% used [0x00000000d5b80000,0x00000000d5b80000,0x00000000d5c00000)
 ParOldGen       total 398336K, used 397885K [0x0000000080000000, 0x0000000098500000, 0x00000000d5580000)
  object space 398336K, 99% used [0x0000000080000000,0x000000009848f558,0x0000000098500000)
 Metaspace       used 72555K, committed 74240K, reserved 1179648K
  class space    used 7640K, committed 8384K, reserved 1048576K
}
Event: 90.560 GC heap after
{Heap after GC invocations=455 (full 3):
 PSYoungGen      total 5632K, used 384K [0x00000000d5580000, 0x00000000d5c00000, 0x0000000100000000)
  eden space 5120K, 0% used [0x00000000d5580000,0x00000000d5580000,0x00000000d5a80000)
  from space 512K, 75% used [0x00000000d5b80000,0x00000000d5be0000,0x00000000d5c00000)
  to   space 512K, 0% used [0x00000000d5b00000,0x00000000d5b00000,0x00000000d5b80000)
 ParOldGen       total 398336K, used 397965K [0x0000000080000000, 0x0000000098500000, 0x00000000d5580000)
  object space 398336K, 99% used [0x0000000080000000,0x00000000984a3558,0x0000000098500000)
 Metaspace       used 72555K, committed 74240K, reserved 1179648K
  class space    used 7640K, committed 8384K, reserved 1048576K
}
Event: 90.743 GC heap before
{Heap before GC invocations=456 (full 3):
 PSYoungGen      total 5632K, used 5504K [0x00000000d5580000, 0x00000000d5c00000, 0x0000000100000000)
  eden space 5120K, 100% used [0x00000000d5580000,0x00000000d5a80000,0x00000000d5a80000)
  from space 512K, 75% used [0x00000000d5b80000,0x00000000d5be0000,0x00000000d5c00000)
  to   space 512K, 0% used [0x00000000d5b00000,0x00000000d5b00000,0x00000000d5b80000)
 ParOldGen       total 398336K, used 397965K [0x0000000080000000, 0x0000000098500000, 0x00000000d5580000)
  object space 398336K, 99% used [0x0000000080000000,0x00000000984a3558,0x0000000098500000)
 Metaspace       used 72633K, committed 74304K, reserved 1179648K
  class space    used 7643K, committed 8384K, reserved 1048576K
}
Event: 90.749 GC heap after
{Heap after GC invocations=456 (full 3):
 PSYoungGen      total 5632K, used 494K [0x00000000d5580000, 0x00000000d6080000, 0x0000000100000000)
  eden space 5120K, 0% used [0x00000000d5580000,0x00000000d5580000,0x00000000d5a80000)
  from space 512K, 96% used [0x00000000d5b00000,0x00000000d5b7ba10,0x00000000d5b80000)
  to   space 3072K, 0% used [0x00000000d5d80000,0x00000000d5d80000,0x00000000d6080000)
 ParOldGen       total 400384K, used 400140K [0x0000000080000000, 0x0000000098700000, 0x00000000d5580000)
  object space 400384K, 99% used [0x0000000080000000,0x00000000986c33d0,0x0000000098700000)
 Metaspace       used 72633K, committed 74304K, reserved 1179648K
  class space    used 7643K, committed 8384K, reserved 1048576K
}
Event: 90.906 GC heap before
{Heap before GC invocations=457 (full 3):
 PSYoungGen      total 5632K, used 5614K [0x00000000d5580000, 0x00000000d6080000, 0x0000000100000000)
  eden space 5120K, 100% used [0x00000000d5580000,0x00000000d5a80000,0x00000000d5a80000)
  from space 512K, 96% used [0x00000000d5b00000,0x00000000d5b7ba10,0x00000000d5b80000)
  to   space 3072K, 0% used [0x00000000d5d80000,0x00000000d5d80000,0x00000000d6080000)
 ParOldGen       total 400384K, used 400140K [0x0000000080000000, 0x0000000098700000, 0x00000000d5580000)
  object space 400384K, 99% used [0x0000000080000000,0x00000000986c33d0,0x0000000098700000)
 Metaspace       used 72670K, committed 74304K, reserved 1179648K
  class space    used 7643K, committed 8384K, reserved 1048576K
}
Event: 90.910 GC heap after
{Heap after GC invocations=457 (full 3):
 PSYoungGen      total 5632K, used 512K [0x00000000d5580000, 0x00000000d5e00000, 0x0000000100000000)
  eden space 5120K, 0% used [0x00000000d5580000,0x00000000d5580000,0x00000000d5a80000)
  from space 512K, 100% used [0x00000000d5d80000,0x00000000d5e00000,0x00000000d5e00000)
  to   space 1536K, 0% used [0x00000000d5b00000,0x00000000d5b00000,0x00000000d5c80000)
 ParOldGen       total 400896K, used 400633K [0x0000000080000000, 0x0000000098780000, 0x00000000d5580000)
  object space 400896K, 99% used [0x0000000080000000,0x000000009873e598,0x0000000098780000)
 Metaspace       used 72670K, committed 74304K, reserved 1179648K
  class space    used 7643K, committed 8384K, reserved 1048576K
}
Event: 91.034 GC heap before
{Heap before GC invocations=458 (full 3):
 PSYoungGen      total 5632K, used 5632K [0x00000000d5580000, 0x00000000d5e00000, 0x0000000100000000)
  eden space 5120K, 100% used [0x00000000d5580000,0x00000000d5a80000,0x00000000d5a80000)
  from space 512K, 100% used [0x00000000d5d80000,0x00000000d5e00000,0x00000000d5e00000)
  to   space 1536K, 0% used [0x00000000d5b00000,0x00000000d5b00000,0x00000000d5c80000)
 ParOldGen       total 400896K, used 400633K [0x0000000080000000, 0x0000000098780000, 0x00000000d5580000)
  object space 400896K, 99% used [0x0000000080000000,0x000000009873e598,0x0000000098780000)
 Metaspace       used 72689K, committed 74304K, reserved 1179648K
  class space    used 7644K, committed 8384K, reserved 1048576K
}
Event: 91.037 GC heap after
{Heap after GC invocations=458 (full 3):
 PSYoungGen      total 6656K, used 416K [0x00000000d5580000, 0x00000000d5e00000, 0x0000000100000000)
  eden space 5120K, 0% used [0x00000000d5580000,0x00000000d5580000,0x00000000d5a80000)
  from space 1536K, 27% used [0x00000000d5b00000,0x00000000d5b68000,0x00000000d5c80000)
  to   space 1024K, 0% used [0x00000000d5d00000,0x00000000d5d00000,0x00000000d5e00000)
 ParOldGen       total 401408K, used 401029K [0x0000000080000000, 0x0000000098800000, 0x00000000d5580000)
  object space 401408K, 99% used [0x0000000080000000,0x00000000987a1608,0x0000000098800000)
 Metaspace       used 72689K, committed 74304K, reserved 1179648K
  class space    used 7644K, committed 8384K, reserved 1048576K
}
Event: 91.174 GC heap before
{Heap before GC invocations=459 (full 3):
 PSYoungGen      total 6656K, used 5535K [0x00000000d5580000, 0x00000000d5e00000, 0x0000000100000000)
  eden space 5120K, 99% used [0x00000000d5580000,0x00000000d5a7fff8,0x00000000d5a80000)
  from space 1536K, 27% used [0x00000000d5b00000,0x00000000d5b68000,0x00000000d5c80000)
  to   space 1024K, 0% used [0x00000000d5d00000,0x00000000d5d00000,0x00000000d5e00000)
 ParOldGen       total 401408K, used 401029K [0x0000000080000000, 0x0000000098800000, 0x00000000d5580000)
  object space 401408K, 99% used [0x0000000080000000,0x00000000987a1608,0x0000000098800000)
 Metaspace       used 72708K, committed 74368K, reserved 1179648K
  class space    used 7644K, committed 8384K, reserved 1048576K
}
Event: 91.179 GC heap after
{Heap after GC invocations=459 (full 3):
 PSYoungGen      total 6144K, used 864K [0x00000000d5580000, 0x00000000d5e00000, 0x0000000100000000)
  eden space 5120K, 0% used [0x00000000d5580000,0x00000000d5580000,0x00000000d5a80000)
  from space 1024K, 84% used [0x00000000d5d00000,0x00000000d5dd8000,0x00000000d5e00000)
  to   space 1024K, 0% used [0x00000000d5c00000,0x00000000d5c00000,0x00000000d5d00000)
 ParOldGen       total 401408K, used 401385K [0x0000000080000000, 0x0000000098800000, 0x00000000d5580000)
  object space 401408K, 99% used [0x0000000080000000,0x00000000987fa658,0x0000000098800000)
 Metaspace       used 72708K, committed 74368K, reserved 1179648K
  class space    used 7644K, committed 8384K, reserved 1048576K
}

