# JRE version: OpenJDK Runtime Environment Temurin-21.0.8+9 (21.0.8+9) (build 21.0.8+9-LTS)
# Java VM: OpenJDK 64-Bit Server VM Temurin-21.0.8+9 (21.0.8+9-LTS, mixed mode, sharing, tiered, compressed oops, compressed class ptrs, parallel gc, windows-amd64)
GC Precious Log:
 CardTable entry size: 512
 CPUs: 8 total, 8 available
 Memory: 7934M
 Large Page Support: Disabled
 NUMA Support: Disabled
 Compressed Oops: Enabled (32-bit)
 Alignments: Space 512K, Generation 512K, Heap 2M
 Heap Min Capacity: 100M
 Heap Initial Capacity: 100M
 Heap Max Capacity: 2G
 Pre-touch: Disabled
 Parallel Workers: 8
Heap:
 PSYoungGen      total 3584K, used 1157K [0x00000000d5580000, 0x00000000d5b80000, 0x0000000100000000)
  eden space 2560K, 37% used [0x00000000d5580000,0x00000000d5671528,0x00000000d5800000)
  from space 1024K, 18% used [0x00000000d5980000,0x00000000d59b0000,0x00000000d5a80000)
  to   space 512K, 0% used [0x00000000d5b00000,0x00000000d5b00000,0x00000000d5b80000)
 ParOldGen       total 386560K, used 266396K [0x0000000080000000, 0x0000000097980000, 0x00000000d5580000)
  object space 386560K, 68% used [0x0000000080000000,0x0000000090427250,0x0000000097980000)
 Metaspace       used 88046K, committed 89856K, reserved 1179648K
  class space    used 9236K, committed 10048K, reserved 1048576K
GC Heap History (20 events):
Event: 523.213 GC heap before
{Heap before GC invocations=802 (full 4):
 PSYoungGen      total 3072K, used 2633K [0x00000000d5580000, 0x00000000d5a80000, 0x0000000100000000)
  eden space 2560K, 94% used [0x00000000d5580000,0x00000000d57da430,0x00000000d5800000)
  from space 512K, 43% used [0x00000000d5800000,0x00000000d5838000,0x00000000d5880000)
  to   space 512K, 0% used [0x00000000d5a00000,0x00000000d5a00000,0x00000000d5a80000)
 ParOldGen       total 386560K, used 232030K [0x0000000080000000, 0x0000000097980000, 0x00000000d5580000)
  object space 386560K, 60% used [0x0000000080000000,0x000000008e297978,0x0000000097980000)
 Metaspace       used 87774K, committed 89664K, reserved 1179648K
  class space    used 9233K, committed 10048K, reserved 1048576K
}
Event: 523.214 GC heap after
{Heap after GC invocations=802 (full 4):
 PSYoungGen      total 3072K, used 456K [0x00000000d5580000, 0x00000000d5a80000, 0x0000000100000000)
  eden space 2560K, 0% used [0x00000000d5580000,0x00000000d5580000,0x00000000d5800000)
  from space 512K, 89% used [0x00000000d5a00000,0x00000000d5a72020,0x00000000d5a80000)
  to   space 512K, 0% used [0x00000000d5800000,0x00000000d5800000,0x00000000d5880000)
 ParOldGen       total 386560K, used 232086K [0x0000000080000000, 0x0000000097980000, 0x00000000d5580000)
  object space 386560K, 60% used [0x0000000080000000,0x000000008e2a5978,0x0000000097980000)
 Metaspace       used 87774K, committed 89664K, reserved 1179648K
  class space    used 9233K, committed 10048K, reserved 1048576K
}
Event: 523.220 GC heap before
{Heap before GC invocations=803 (full 4):
 PSYoungGen      total 3072K, used 3016K [0x00000000d5580000, 0x00000000d5a80000, 0x0000000100000000)
  eden space 2560K, 100% used [0x00000000d5580000,0x00000000d5800000,0x00000000d5800000)
  from space 512K, 89% used [0x00000000d5a00000,0x00000000d5a72020,0x00000000d5a80000)
  to   space 512K, 0% used [0x00000000d5800000,0x00000000d5800000,0x00000000d5880000)
 ParOldGen       total 386560K, used 232086K [0x0000000080000000, 0x0000000097980000, 0x00000000d5580000)
  object space 386560K, 60% used [0x0000000080000000,0x000000008e2a5978,0x0000000097980000)
 Metaspace       used 87779K, committed 89664K, reserved 1179648K
  class space    used 9233K, committed 10048K, reserved 1048576K
}
Event: 523.225 GC heap after
{Heap after GC invocations=803 (full 4):
 PSYoungGen      total 3072K, used 510K [0x00000000d5580000, 0x00000000d5e00000, 0x0000000100000000)
  eden space 2560K, 0% used [0x00000000d5580000,0x00000000d5580000,0x00000000d5800000)
  from space 512K, 99% used [0x00000000d5800000,0x00000000d587fa60,0x00000000d5880000)
  to   space 3072K, 0% used [0x00000000d5b00000,0x00000000d5b00000,0x00000000d5e00000)
 ParOldGen       total 386560K, used 234052K [0x0000000080000000, 0x0000000097980000, 0x00000000d5580000)
  object space 386560K, 60% used [0x0000000080000000,0x000000008e4913c8,0x0000000097980000)
 Metaspace       used 87779K, committed 89664K, reserved 1179648K
  class space    used 9233K, committed 10048K, reserved 1048576K
}
Event: 523.240 GC heap before
{Heap before GC invocations=804 (full 4):
 PSYoungGen      total 3072K, used 3070K [0x00000000d5580000, 0x00000000d5e00000, 0x0000000100000000)
  eden space 2560K, 100% used [0x00000000d5580000,0x00000000d5800000,0x00000000d5800000)
  from space 512K, 99% used [0x00000000d5800000,0x00000000d587fa60,0x00000000d5880000)
  to   space 3072K, 0% used [0x00000000d5b00000,0x00000000d5b00000,0x00000000d5e00000)
 ParOldGen       total 386560K, used 234052K [0x0000000080000000, 0x0000000097980000, 0x00000000d5580000)
  object space 386560K, 60% used [0x0000000080000000,0x000000008e4913c8,0x0000000097980000)
 Metaspace       used 87782K, committed 89664K, reserved 1179648K
  class space    used 9233K, committed 10048K, reserved 1048576K
}
Event: 523.242 GC heap after
{Heap after GC invocations=804 (full 4):
 PSYoungGen      total 3072K, used 448K [0x00000000d5580000, 0x00000000d5b80000, 0x0000000100000000)
  eden space 2560K, 0% used [0x00000000d5580000,0x00000000d5580000,0x00000000d5800000)
  from space 512K, 87% used [0x00000000d5b00000,0x00000000d5b70000,0x00000000d5b80000)
  to   space 1536K, 0% used [0x00000000d5880000,0x00000000d5880000,0x00000000d5a00000)
 ParOldGen       total 386560K, used 234115K [0x0000000080000000, 0x0000000097980000, 0x00000000d5580000)
  object space 386560K, 60% used [0x0000000080000000,0x000000008e4a0d08,0x0000000097980000)
 Metaspace       used 87782K, committed 89664K, reserved 1179648K
  class space    used 9233K, committed 10048K, reserved 1048576K
}
Event: 524.172 GC heap before
{Heap before GC invocations=805 (full 4):
 PSYoungGen      total 3072K, used 3008K [0x00000000d5580000, 0x00000000d5b80000, 0x0000000100000000)
  eden space 2560K, 100% used [0x00000000d5580000,0x00000000d5800000,0x00000000d5800000)
  from space 512K, 87% used [0x00000000d5b00000,0x00000000d5b70000,0x00000000d5b80000)
  to   space 1536K, 0% used [0x00000000d5880000,0x00000000d5880000,0x00000000d5a00000)
 ParOldGen       total 386560K, used 264835K [0x0000000080000000, 0x0000000097980000, 0x00000000d5580000)
  object space 386560K, 68% used [0x0000000080000000,0x00000000902a0d38,0x0000000097980000)
 Metaspace       used 87789K, committed 89664K, reserved 1179648K
  class space    used 9233K, committed 10048K, reserved 1048576K
}
Event: 524.174 GC heap after
{Heap after GC invocations=805 (full 4):
 PSYoungGen      total 4096K, used 192K [0x00000000d5580000, 0x00000000d5b80000, 0x0000000100000000)
  eden space 2560K, 0% used [0x00000000d5580000,0x00000000d5580000,0x00000000d5800000)
  from space 1536K, 12% used [0x00000000d5880000,0x00000000d58b0000,0x00000000d5a00000)
  to   space 512K, 0% used [0x00000000d5b00000,0x00000000d5b00000,0x00000000d5b80000)
 ParOldGen       total 386560K, used 265187K [0x0000000080000000, 0x0000000097980000, 0x00000000d5580000)
  object space 386560K, 68% used [0x0000000080000000,0x00000000902f8d38,0x0000000097980000)
 Metaspace       used 87789K, committed 89664K, reserved 1179648K
  class space    used 9233K, committed 10048K, reserved 1048576K
}
Event: 524.203 GC heap before
{Heap before GC invocations=806 (full 4):
 PSYoungGen      total 4096K, used 2746K [0x00000000d5580000, 0x00000000d5b80000, 0x0000000100000000)
  eden space 2560K, 99% used [0x00000000d5580000,0x00000000d57fea10,0x00000000d5800000)
  from space 1536K, 12% used [0x00000000d5880000,0x00000000d58b0000,0x00000000d5a00000)
  to   space 512K, 0% used [0x00000000d5b00000,0x00000000d5b00000,0x00000000d5b80000)
 ParOldGen       total 386560K, used 265187K [0x0000000080000000, 0x0000000097980000, 0x00000000d5580000)
  object space 386560K, 68% used [0x0000000080000000,0x00000000902f8d38,0x0000000097980000)
 Metaspace       used 87796K, committed 89664K, reserved 1179648K
  class space    used 9233K, committed 10048K, reserved 1048576K
}
Event: 524.204 GC heap after
{Heap after GC invocations=806 (full 4):
 PSYoungGen      total 3072K, used 408K [0x00000000d5580000, 0x00000000d5b80000, 0x0000000100000000)
  eden space 2560K, 0% used [0x00000000d5580000,0x00000000d5580000,0x00000000d5800000)
  from space 512K, 79% used [0x00000000d5b00000,0x00000000d5b660d8,0x00000000d5b80000)
  to   space 512K, 0% used [0x00000000d5a80000,0x00000000d5a80000,0x00000000d5b00000)
 ParOldGen       total 386560K, used 265251K [0x0000000080000000, 0x0000000097980000, 0x00000000d5580000)
  object space 386560K, 68% used [0x0000000080000000,0x0000000090308d38,0x0000000097980000)
 Metaspace       used 87796K, committed 89664K, reserved 1179648K
  class space    used 9233K, committed 10048K, reserved 1048576K
}
Event: 524.212 GC heap before
{Heap before GC invocations=807 (full 4):
 PSYoungGen      total 3072K, used 2968K [0x00000000d5580000, 0x00000000d5b80000, 0x0000000100000000)
  eden space 2560K, 100% used [0x00000000d5580000,0x00000000d5800000,0x00000000d5800000)
  from space 512K, 79% used [0x00000000d5b00000,0x00000000d5b660d8,0x00000000d5b80000)
  to   space 512K, 0% used [0x00000000d5a80000,0x00000000d5a80000,0x00000000d5b00000)
 ParOldGen       total 386560K, used 265251K [0x0000000080000000, 0x0000000097980000, 0x00000000d5580000)
  object space 386560K, 68% used [0x0000000080000000,0x0000000090308d38,0x0000000097980000)
 Metaspace       used 87796K, committed 89664K, reserved 1179648K
  class space    used 9233K, committed 10048K, reserved 1048576K
}
Event: 524.214 GC heap after
{Heap after GC invocations=807 (full 4):
 PSYoungGen      total 3072K, used 160K [0x00000000d5580000, 0x00000000d5b80000, 0x0000000100000000)
  eden space 2560K, 0% used [0x00000000d5580000,0x00000000d5580000,0x00000000d5800000)
  from space 512K, 31% used [0x00000000d5a80000,0x00000000d5aa8000,0x00000000d5b00000)
  to   space 512K, 0% used [0x00000000d5b00000,0x00000000d5b00000,0x00000000d5b80000)
 ParOldGen       total 386560K, used 265395K [0x0000000080000000, 0x0000000097980000, 0x00000000d5580000)
  object space 386560K, 68% used [0x0000000080000000,0x000000009032cd38,0x0000000097980000)
 Metaspace       used 87796K, committed 89664K, reserved 1179648K
  class space    used 9233K, committed 10048K, reserved 1048576K
}
Event: 544.180 GC heap before
{Heap before GC invocations=808 (full 4):
 PSYoungGen      total 3072K, used 2720K [0x00000000d5580000, 0x00000000d5b80000, 0x0000000100000000)
  eden space 2560K, 100% used [0x00000000d5580000,0x00000000d5800000,0x00000000d5800000)
  from space 512K, 31% used [0x00000000d5a80000,0x00000000d5aa8000,0x00000000d5b00000)
  to   space 512K, 0% used [0x00000000d5b00000,0x00000000d5b00000,0x00000000d5b80000)
 ParOldGen       total 386560K, used 265395K [0x0000000080000000, 0x0000000097980000, 0x00000000d5580000)
  object space 386560K, 68% used [0x0000000080000000,0x000000009032cd38,0x0000000097980000)
 Metaspace       used 87825K, committed 89664K, reserved 1179648K
  class space    used 9234K, committed 10048K, reserved 1048576K
}
Event: 544.181 GC heap after
{Heap after GC invocations=808 (full 4):
 PSYoungGen      total 3072K, used 368K [0x00000000d5580000, 0x00000000d5b80000, 0x0000000100000000)
  eden space 2560K, 0% used [0x00000000d5580000,0x00000000d5580000,0x00000000d5800000)
  from space 512K, 71% used [0x00000000d5b00000,0x00000000d5b5c030,0x00000000d5b80000)
  to   space 512K, 0% used [0x00000000d5a80000,0x00000000d5a80000,0x00000000d5b00000)
 ParOldGen       total 386560K, used 265411K [0x0000000080000000, 0x0000000097980000, 0x00000000d5580000)
  object space 386560K, 68% used [0x0000000080000000,0x0000000090330d38,0x0000000097980000)
 Metaspace       used 87825K, committed 89664K, reserved 1179648K
  class space    used 9234K, committed 10048K, reserved 1048576K
}
Event: 544.190 GC heap before
{Heap before GC invocations=809 (full 4):
 PSYoungGen      total 3072K, used 2928K [0x00000000d5580000, 0x00000000d5b80000, 0x0000000100000000)
  eden space 2560K, 100% used [0x00000000d5580000,0x00000000d5800000,0x00000000d5800000)
  from space 512K, 71% used [0x00000000d5b00000,0x00000000d5b5c030,0x00000000d5b80000)
  to   space 512K, 0% used [0x00000000d5a80000,0x00000000d5a80000,0x00000000d5b00000)
 ParOldGen       total 386560K, used 265411K [0x0000000080000000, 0x0000000097980000, 0x00000000d5580000)
  object space 386560K, 68% used [0x0000000080000000,0x0000000090330d38,0x0000000097980000)
 Metaspace       used 87831K, committed 89664K, reserved 1179648K
  class space    used 9236K, committed 10048K, reserved 1048576K
}
Event: 544.192 GC heap after
{Heap after GC invocations=809 (full 4):
 PSYoungGen      total 3072K, used 484K [0x00000000d5580000, 0x00000000d5b80000, 0x0000000100000000)
  eden space 2560K, 0% used [0x00000000d5580000,0x00000000d5580000,0x00000000d5800000)
  from space 512K, 94% used [0x00000000d5a80000,0x00000000d5af9210,0x00000000d5b00000)
  to   space 512K, 0% used [0x00000000d5b00000,0x00000000d5b00000,0x00000000d5b80000)
 ParOldGen       total 386560K, used 265651K [0x0000000080000000, 0x0000000097980000, 0x00000000d5580000)
  object space 386560K, 68% used [0x0000000080000000,0x000000009036cdb8,0x0000000097980000)
 Metaspace       used 87831K, committed 89664K, reserved 1179648K
  class space    used 9236K, committed 10048K, reserved 1048576K
}
Event: 544.203 GC heap before
{Heap before GC invocations=810 (full 4):
 PSYoungGen      total 3072K, used 3044K [0x00000000d5580000, 0x00000000d5b80000, 0x0000000100000000)
  eden space 2560K, 100% used [0x00000000d5580000,0x00000000d5800000,0x00000000d5800000)
  from space 512K, 94% used [0x00000000d5a80000,0x00000000d5af9210,0x00000000d5b00000)
  to   space 512K, 0% used [0x00000000d5b00000,0x00000000d5b00000,0x00000000d5b80000)
 ParOldGen       total 386560K, used 265651K [0x0000000080000000, 0x0000000097980000, 0x00000000d5580000)
  object space 386560K, 68% used [0x0000000080000000,0x000000009036cdb8,0x0000000097980000)
 Metaspace       used 87840K, committed 89664K, reserved 1179648K
  class space    used 9236K, committed 10048K, reserved 1048576K
}
Event: 544.205 GC heap after
{Heap after GC invocations=810 (full 4):
 PSYoungGen      total 3072K, used 448K [0x00000000d5580000, 0x00000000d5b80000, 0x0000000100000000)
  eden space 2560K, 0% used [0x00000000d5580000,0x00000000d5580000,0x00000000d5800000)
  from space 512K, 87% used [0x00000000d5b00000,0x00000000d5b70000,0x00000000d5b80000)
  to   space 1024K, 0% used [0x00000000d5980000,0x00000000d5980000,0x00000000d5a80000)
 ParOldGen       total 386560K, used 266135K [0x0000000080000000, 0x0000000097980000, 0x00000000d5580000)
  object space 386560K, 68% used [0x0000000080000000,0x00000000903e5fc8,0x0000000097980000)
 Metaspace       used 87840K, committed 89664K, reserved 1179648K
  class space    used 9236K, committed 10048K, reserved 1048576K
}
Event: 2415.066 GC heap before
{Heap before GC invocations=811 (full 4):
 PSYoungGen      total 3072K, used 3007K [0x00000000d5580000, 0x00000000d5b80000, 0x0000000100000000)
  eden space 2560K, 99% used [0x00000000d5580000,0x00000000d57ffff8,0x00000000d5800000)
  from space 512K, 87% used [0x00000000d5b00000,0x00000000d5b70000,0x00000000d5b80000)
  to   space 1024K, 0% used [0x00000000d5980000,0x00000000d5980000,0x00000000d5a80000)
 ParOldGen       total 386560K, used 266135K [0x0000000080000000, 0x0000000097980000, 0x00000000d5580000)
  object space 386560K, 68% used [0x0000000080000000,0x00000000903e5fc8,0x0000000097980000)
 Metaspace       used 88039K, committed 89856K, reserved 1179648K
  class space    used 9236K, committed 10048K, reserved 1048576K
}
Event: 2415.167 GC heap after
{Heap after GC invocations=811 (full 4):
 PSYoungGen      total 3584K, used 192K [0x00000000d5580000, 0x00000000d5b80000, 0x0000000100000000)
  eden space 2560K, 0% used [0x00000000d5580000,0x00000000d5580000,0x00000000d5800000)
  from space 1024K, 18% used [0x00000000d5980000,0x00000000d59b0000,0x00000000d5a80000)
  to   space 512K, 0% used [0x00000000d5b00000,0x00000000d5b00000,0x00000000d5b80000)
 ParOldGen       total 386560K, used 266396K [0x0000000080000000, 0x0000000097980000, 0x00000000d5580000)
  object space 386560K, 68% used [0x0000000080000000,0x0000000090427250,0x0000000097980000)
 Metaspace       used 88039K, committed 89856K, reserved 1179648K
  class space    used 9236K, committed 10048K, reserved 1048576K
}

